Drill report for v0.4.4c.kicad_pcb
Created on 2024-01-30 18:09:53

Copper Layer Stackup:
    =============================================================
    L1 :  F.Cu                      front
    L2 :  B.Cu                      back


Drill file 'v0.4.4c-PTH.drl' contains
    plated through holes:
    =============================================================
    T1  0,400mm  0,0157"  (111 holes)
    T2  0,500mm  0,0197"  (3 holes)
    T3  0,800mm  0,0315"  (26 holes)
    T4  0,840mm  0,0331"  (6 holes)
    T5  0,850mm  0,0335"  (2 holes)
    T6  1,000mm  0,0394"  (191 holes)
    T7  1,016mm  0,0400"  (126 holes)
    T8  1,300mm  0,0512"  (2 holes)
    T9  4,100mm  0,1614"  (2 holes)

    Total plated holes count 469


Drill file 'v0.4.4c-NPTH.drl' contains
    unplated through holes:
    =============================================================

    Total unplated holes count 0
